# JRE version: Java(TM) SE Runtime Environment (17.0.10+11) (build 17.0.10+11-LTS-240)
# Java VM: Java HotSpot(TM) 64-Bit Server VM (17.0.10+11-LTS-240, mixed mode, sharing, tiered, compressed oops, compressed class ptrs, g1 gc, windows-amd64)
GC Precious Log:
 CPUs: 4 total, 4 available
 Memory: 16310M
 Large Page Support: Disabled
 NUMA Support: Disabled
 Compressed Oops: Enabled (32-bit)
 Heap Region Size: 1M
 Heap Min Capacity: 8M
 Heap Initial Capacity: 256M
 Heap Max Capacity: 1G
 Pre-touch: Disabled
 Parallel Workers: 4
 Concurrent Workers: 1
 Concurrent Refinement Workers: 4
 Periodic GC: Disabled
Heap:
 garbage-first heap   total 230400K, used 156423K [0x00000000c0000000, 0x0000000100000000)
  region size 1024K, 8 young (8192K), 2 survivors (2048K)
 Metaspace       used 98482K, committed 99328K, reserved 1179648K
  class space    used 13645K, committed 14080K, reserved 1048576K
GC Heap History (20 events):
Event: 26.791 GC heap before
{Heap before GC invocations=43 (full 0):
 garbage-first heap   total 194560K, used 117225K [0x00000000c0000000, 0x0000000100000000)
  region size 1024K, 9 young (9216K), 5 survivors (5120K)
 Metaspace       used 94546K, committed 95424K, reserved 1179648K
  class space    used 13253K, committed 13696K, reserved 1048576K
}
Event: 26.797 GC heap after
{Heap after GC invocations=44 (full 0):
 garbage-first heap   total 194560K, used 111859K [0x00000000c0000000, 0x0000000100000000)
  region size 1024K, 2 young (2048K), 2 survivors (2048K)
 Metaspace       used 94546K, committed 95424K, reserved 1179648K
  class space    used 13253K, committed 13696K, reserved 1048576K
}
Event: 27.512 GC heap before
{Heap before GC invocations=44 (full 0):
 garbage-first heap   total 194560K, used 159987K [0x00000000c0000000, 0x0000000100000000)
  region size 1024K, 50 young (51200K), 2 survivors (2048K)
 Metaspace       used 94560K, committed 95424K, reserved 1179648K
  class space    used 13253K, committed 13696K, reserved 1048576K
}
Event: 27.516 GC heap after
{Heap after GC invocations=45 (full 0):
 garbage-first heap   total 194560K, used 113380K [0x00000000c0000000, 0x0000000100000000)
  region size 1024K, 4 young (4096K), 4 survivors (4096K)
 Metaspace       used 94560K, committed 95424K, reserved 1179648K
  class space    used 13253K, committed 13696K, reserved 1048576K
}
Event: 28.022 GC heap before
{Heap before GC invocations=45 (full 0):
 garbage-first heap   total 194560K, used 161508K [0x00000000c0000000, 0x0000000100000000)
  region size 1024K, 51 young (52224K), 4 survivors (4096K)
 Metaspace       used 94586K, committed 95424K, reserved 1179648K
  class space    used 13253K, committed 13696K, reserved 1048576K
}
Event: 28.027 GC heap after
{Heap after GC invocations=46 (full 0):
 garbage-first heap   total 194560K, used 114527K [0x00000000c0000000, 0x0000000100000000)
  region size 1024K, 5 young (5120K), 5 survivors (5120K)
 Metaspace       used 94586K, committed 95424K, reserved 1179648K
  class space    used 13253K, committed 13696K, reserved 1048576K
}
Event: 28.650 GC heap before
{Heap before GC invocations=46 (full 0):
 garbage-first heap   total 194560K, used 163679K [0x00000000c0000000, 0x0000000100000000)
  region size 1024K, 52 young (53248K), 5 survivors (5120K)
 Metaspace       used 95047K, committed 95872K, reserved 1179648K
  class space    used 13349K, committed 13760K, reserved 1048576K
}
Event: 28.659 GC heap after
{Heap after GC invocations=47 (full 0):
 garbage-first heap   total 194560K, used 117738K [0x00000000c0000000, 0x0000000100000000)
  region size 1024K, 7 young (7168K), 7 survivors (7168K)
 Metaspace       used 95047K, committed 95872K, reserved 1179648K
  class space    used 13349K, committed 13760K, reserved 1048576K
}
Event: 31.462 GC heap before
{Heap before GC invocations=47 (full 0):
 garbage-first heap   total 194560K, used 164842K [0x00000000c0000000, 0x0000000100000000)
  region size 1024K, 49 young (50176K), 7 survivors (7168K)
 Metaspace       used 97830K, committed 98688K, reserved 1179648K
  class space    used 13542K, committed 13952K, reserved 1048576K
}
Event: 31.472 GC heap after
{Heap after GC invocations=48 (full 0):
 garbage-first heap   total 194560K, used 124703K [0x00000000c0000000, 0x0000000100000000)
  region size 1024K, 7 young (7168K), 7 survivors (7168K)
 Metaspace       used 97830K, committed 98688K, reserved 1179648K
  class space    used 13542K, committed 13952K, reserved 1048576K
}
Event: 32.244 GC heap before
{Heap before GC invocations=48 (full 0):
 garbage-first heap   total 194560K, used 159519K [0x00000000c0000000, 0x0000000100000000)
  region size 1024K, 42 young (43008K), 7 survivors (7168K)
 Metaspace       used 97927K, committed 98752K, reserved 1179648K
  class space    used 13542K, committed 13952K, reserved 1048576K
}
Event: 32.258 GC heap after
{Heap after GC invocations=49 (full 0):
 garbage-first heap   total 194560K, used 139263K [0x00000000c0000000, 0x0000000100000000)
  region size 1024K, 6 young (6144K), 6 survivors (6144K)
 Metaspace       used 97927K, committed 98752K, reserved 1179648K
  class space    used 13542K, committed 13952K, reserved 1048576K
}
Event: 32.623 GC heap before
{Heap before GC invocations=49 (full 0):
 garbage-first heap   total 194560K, used 167935K [0x00000000c0000000, 0x0000000100000000)
  region size 1024K, 26 young (26624K), 6 survivors (6144K)
 Metaspace       used 97943K, committed 98752K, reserved 1179648K
  class space    used 13542K, committed 13952K, reserved 1048576K
}
Event: 32.634 GC heap after
{Heap after GC invocations=50 (full 0):
 garbage-first heap   total 194560K, used 152063K [0x00000000c0000000, 0x0000000100000000)
  region size 1024K, 4 young (4096K), 4 survivors (4096K)
 Metaspace       used 97943K, committed 98752K, reserved 1179648K
  class space    used 13542K, committed 13952K, reserved 1048576K
}
Event: 32.803 GC heap before
{Heap before GC invocations=50 (full 0):
 garbage-first heap   total 194560K, used 162303K [0x00000000c0000000, 0x0000000100000000)
  region size 1024K, 14 young (14336K), 4 survivors (4096K)
 Metaspace       used 97947K, committed 98752K, reserved 1179648K
  class space    used 13542K, committed 13952K, reserved 1048576K
}
Event: 32.813 GC heap after
{Heap after GC invocations=51 (full 0):
 garbage-first heap   total 194560K, used 159743K [0x00000000c0000000, 0x0000000100000000)
  region size 1024K, 2 young (2048K), 2 survivors (2048K)
 Metaspace       used 97947K, committed 98752K, reserved 1179648K
  class space    used 13542K, committed 13952K, reserved 1048576K
}
Event: 32.920 GC heap before
{Heap before GC invocations=51 (full 0):
 garbage-first heap   total 194560K, used 166911K [0x00000000c0000000, 0x0000000100000000)
  region size 1024K, 9 young (9216K), 2 survivors (2048K)
 Metaspace       used 97950K, committed 98752K, reserved 1179648K
  class space    used 13542K, committed 13952K, reserved 1048576K
}
Event: 32.927 GC heap after
{Heap after GC invocations=52 (full 0):
 garbage-first heap   total 194560K, used 164787K [0x00000000c0000000, 0x0000000100000000)
  region size 1024K, 2 young (2048K), 2 survivors (2048K)
 Metaspace       used 97950K, committed 98752K, reserved 1179648K
  class space    used 13542K, committed 13952K, reserved 1048576K
}
Event: 33.093 GC heap before
{Heap before GC invocations=52 (full 0):
 garbage-first heap   total 194560K, used 171955K [0x00000000c0000000, 0x0000000100000000)
  region size 1024K, 9 young (9216K), 2 survivors (2048K)
 Metaspace       used 98055K, committed 98880K, reserved 1179648K
  class space    used 13560K, committed 13952K, reserved 1048576K
}
Event: 33.098 GC heap after
{Heap after GC invocations=53 (full 0):
 garbage-first heap   total 230400K, used 167687K [0x00000000c0000000, 0x0000000100000000)
  region size 1024K, 2 young (2048K), 2 survivors (2048K)
 Metaspace       used 98055K, committed 98880K, reserved 1179648K
  class space    used 13560K, committed 13952K, reserved 1048576K
}

