# JRE version: OpenJDK Runtime Environment (21.0.8) (build 21.0.8+-14196175-b1038.72)
# Java VM: OpenJDK 64-Bit Server VM (21.0.8+-14196175-b1038.72, mixed mode, tiered, compressed oops, compressed class ptrs, g1 gc, windows-amd64)
GC Precious Log:
 CardTable entry size: 512
 Card Set container configuration: InlinePtr #cards 4 size 8 Array Of Cards #cards 16 size 48 Howl #buckets 8 coarsen threshold 3686 Howl Bitmap #cards 512 size 80 coarsen threshold 460 Card regions per heap region 1 cards per card region 4096
 CPUs: 4 total, 4 available
 Memory: 16310M
 Large Page Support: Disabled
 NUMA Support: Disabled
 Compressed Oops: Enabled (Zero based)
 Heap Region Size: 2M
 Heap Min Capacity: 8M
 Heap Initial Capacity: 256M
 Heap Max Capacity: 4078M
 Pre-touch: Disabled
 Parallel Workers: 4
 Concurrent Workers: 1
 Concurrent Refinement Workers: 4
 Periodic GC: Disabled
Heap:
 garbage-first heap   total 501760K, used 355125K [0x0000000701200000, 0x0000000800000000)
  region size 2048K, 5 young (10240K), 5 survivors (10240K)
 Metaspace       used 101812K, committed 102208K, reserved 1179648K
  class space    used 10329K, committed 10496K, reserved 1048576K
GC Heap History (20 events):
Event: 30.185 GC heap after
{Heap after GC invocations=40 (full 0):
 garbage-first heap   total 325632K, used 202193K [0x0000000701200000, 0x0000000800000000)
  region size 2048K, 4 young (8192K), 4 survivors (8192K)
 Metaspace       used 72636K, committed 72896K, reserved 1114112K
  class space    used 7958K, committed 8064K, reserved 1048576K
}
Event: 32.985 GC heap before
{Heap before GC invocations=40 (full 0):
 garbage-first heap   total 325632K, used 296401K [0x0000000701200000, 0x0000000800000000)
  region size 2048K, 50 young (102400K), 4 survivors (8192K)
 Metaspace       used 76862K, committed 77120K, reserved 1179648K
  class space    used 8282K, committed 8384K, reserved 1048576K
}
Event: 33.000 GC heap after
{Heap after GC invocations=41 (full 0):
 garbage-first heap   total 325632K, used 204273K [0x0000000701200000, 0x0000000800000000)
  region size 2048K, 6 young (12288K), 6 survivors (12288K)
 Metaspace       used 76862K, committed 77120K, reserved 1179648K
  class space    used 8282K, committed 8384K, reserved 1048576K
}
Event: 35.063 GC heap before
{Heap before GC invocations=41 (full 0):
 garbage-first heap   total 325632K, used 292337K [0x0000000701200000, 0x0000000800000000)
  region size 2048K, 49 young (100352K), 6 survivors (12288K)
 Metaspace       used 77208K, committed 77504K, reserved 1179648K
  class space    used 8293K, committed 8384K, reserved 1048576K
}
Event: 35.081 GC heap after
{Heap after GC invocations=42 (full 0):
 garbage-first heap   total 325632K, used 209214K [0x0000000701200000, 0x0000000800000000)
  region size 2048K, 4 young (8192K), 4 survivors (8192K)
 Metaspace       used 77208K, committed 77504K, reserved 1179648K
  class space    used 8293K, committed 8384K, reserved 1048576K
}
Event: 36.672 GC heap before
{Heap before GC invocations=43 (full 0):
 garbage-first heap   total 352256K, used 295230K [0x0000000701200000, 0x0000000800000000)
  region size 2048K, 46 young (94208K), 4 survivors (8192K)
 Metaspace       used 77763K, committed 78080K, reserved 1179648K
  class space    used 8340K, committed 8448K, reserved 1048576K
}
Event: 36.703 GC heap after
{Heap after GC invocations=44 (full 0):
 garbage-first heap   total 352256K, used 220362K [0x0000000701200000, 0x0000000800000000)
  region size 2048K, 6 young (12288K), 6 survivors (12288K)
 Metaspace       used 77763K, committed 78080K, reserved 1179648K
  class space    used 8340K, committed 8448K, reserved 1048576K
}
Event: 37.545 GC heap before
{Heap before GC invocations=44 (full 0):
 garbage-first heap   total 352256K, used 318666K [0x0000000701200000, 0x0000000800000000)
  region size 2048K, 54 young (110592K), 6 survivors (12288K)
 Metaspace       used 80120K, committed 80512K, reserved 1179648K
  class space    used 8574K, committed 8768K, reserved 1048576K
}
Event: 37.577 GC heap after
{Heap after GC invocations=45 (full 0):
 garbage-first heap   total 423936K, used 234113K [0x0000000701200000, 0x0000000800000000)
  region size 2048K, 7 young (14336K), 7 survivors (14336K)
 Metaspace       used 80120K, committed 80512K, reserved 1179648K
  class space    used 8574K, committed 8768K, reserved 1048576K
}
Event: 41.348 GC heap before
{Heap before GC invocations=45 (full 0):
 garbage-first heap   total 423936K, used 383617K [0x0000000701200000, 0x0000000800000000)
  region size 2048K, 80 young (163840K), 7 survivors (14336K)
 Metaspace       used 85870K, committed 86272K, reserved 1179648K
  class space    used 9031K, committed 9216K, reserved 1048576K
}
Event: 41.403 GC heap after
{Heap after GC invocations=46 (full 0):
 garbage-first heap   total 430080K, used 265903K [0x0000000701200000, 0x0000000800000000)
  region size 2048K, 10 young (20480K), 10 survivors (20480K)
 Metaspace       used 85870K, committed 86272K, reserved 1179648K
  class space    used 9031K, committed 9216K, reserved 1048576K
}
Event: 42.482 GC heap before
{Heap before GC invocations=46 (full 0):
 garbage-first heap   total 430080K, used 376495K [0x0000000701200000, 0x0000000800000000)
  region size 2048K, 64 young (131072K), 10 survivors (20480K)
 Metaspace       used 87421K, committed 87744K, reserved 1179648K
  class space    used 9122K, committed 9280K, reserved 1048576K
}
Event: 42.535 GC heap after
{Heap after GC invocations=47 (full 0):
 garbage-first heap   total 430080K, used 290816K [0x0000000701200000, 0x0000000800000000)
  region size 2048K, 8 young (16384K), 8 survivors (16384K)
 Metaspace       used 87421K, committed 87744K, reserved 1179648K
  class space    used 9122K, committed 9280K, reserved 1048576K
}
Event: 43.662 GC heap before
{Heap before GC invocations=47 (full 0):
 garbage-first heap   total 430080K, used 385024K [0x0000000701200000, 0x0000000800000000)
  region size 2048K, 54 young (110592K), 8 survivors (16384K)
 Metaspace       used 89382K, committed 89728K, reserved 1179648K
  class space    used 9259K, committed 9408K, reserved 1048576K
}
Event: 43.683 GC heap after
{Heap after GC invocations=48 (full 0):
 garbage-first heap   total 430080K, used 296784K [0x0000000701200000, 0x0000000800000000)
  region size 2048K, 3 young (6144K), 3 survivors (6144K)
 Metaspace       used 89382K, committed 89728K, reserved 1179648K
  class space    used 9259K, committed 9408K, reserved 1048576K
}
Event: 45.131 GC heap before
{Heap before GC invocations=49 (full 0):
 garbage-first heap   total 499712K, used 390992K [0x0000000701200000, 0x0000000800000000)
  region size 2048K, 49 young (100352K), 3 survivors (6144K)
 Metaspace       used 90928K, committed 91264K, reserved 1179648K
  class space    used 9421K, committed 9600K, reserved 1048576K
}
Event: 45.151 GC heap after
{Heap after GC invocations=50 (full 0):
 garbage-first heap   total 499712K, used 309076K [0x0000000701200000, 0x0000000800000000)
  region size 2048K, 7 young (14336K), 7 survivors (14336K)
 Metaspace       used 90928K, committed 91264K, reserved 1179648K
  class space    used 9421K, committed 9600K, reserved 1048576K
}
Event: 47.632 GC heap before
{Heap before GC invocations=50 (full 0):
 garbage-first heap   total 499712K, used 446292K [0x0000000701200000, 0x0000000800000000)
  region size 2048K, 74 young (151552K), 7 survivors (14336K)
 Metaspace       used 95548K, committed 95936K, reserved 1179648K
  class space    used 9857K, committed 10048K, reserved 1048576K
}
Event: 47.690 GC heap after
{Heap after GC invocations=51 (full 0):
 garbage-first heap   total 501760K, used 343543K [0x0000000701200000, 0x0000000800000000)
  region size 2048K, 10 young (20480K), 10 survivors (20480K)
 Metaspace       used 95548K, committed 95936K, reserved 1179648K
  class space    used 9857K, committed 10048K, reserved 1048576K
}
Event: 50.067 GC heap before
{Heap before GC invocations=51 (full 0):
 garbage-first heap   total 501760K, used 429559K [0x0000000701200000, 0x0000000800000000)
  region size 2048K, 53 young (108544K), 10 survivors (20480K)
 Metaspace       used 101812K, committed 102208K, reserved 1179648K
  class space    used 10329K, committed 10496K, reserved 1048576K
}

