# JRE version: Java(TM) SE Runtime Environment (17.0.10+11) (build 17.0.10+11-LTS-240)
# Java VM: Java HotSpot(TM) 64-Bit Server VM (17.0.10+11-LTS-240, mixed mode, sharing, tiered, compressed oops, compressed class ptrs, g1 gc, windows-amd64)
GC Precious Log:
 CPUs: 4 total, 4 available
 Memory: 16310M
 Large Page Support: Disabled
 NUMA Support: Disabled
 Compressed Oops: Enabled (32-bit)
 Heap Region Size: 1M
 Heap Min Capacity: 8M
 Heap Initial Capacity: 256M
 Heap Max Capacity: 1G
 Pre-touch: Disabled
 Parallel Workers: 4
 Concurrent Workers: 1
 Concurrent Refinement Workers: 4
 Periodic GC: Disabled
Heap:
 garbage-first heap   total 230400K, used 175875K [0x00000000c0000000, 0x0000000100000000)
  region size 1024K, 51 young (52224K), 6 survivors (6144K)
 Metaspace       used 99032K, committed 99904K, reserved 1179648K
  class space    used 13845K, committed 14272K, reserved 1048576K
GC Heap History (20 events):
Event: 23.447 GC heap before
{Heap before GC invocations=37 (full 0):
 garbage-first heap   total 230400K, used 188104K [0x00000000c0000000, 0x0000000100000000)
  region size 1024K, 83 young (84992K), 2 survivors (2048K)
 Metaspace       used 94513K, committed 95424K, reserved 1179648K
  class space    used 13246K, committed 13696K, reserved 1048576K
}
Event: 23.458 GC heap after
{Heap after GC invocations=38 (full 0):
 garbage-first heap   total 230400K, used 113478K [0x00000000c0000000, 0x0000000100000000)
  region size 1024K, 9 young (9216K), 9 survivors (9216K)
 Metaspace       used 94513K, committed 95424K, reserved 1179648K
  class space    used 13246K, committed 13696K, reserved 1048576K
}
Event: 24.119 GC heap before
{Heap before GC invocations=39 (full 0):
 garbage-first heap   total 230400K, used 186182K [0x00000000c0000000, 0x0000000100000000)
  region size 1024K, 81 young (82944K), 9 survivors (9216K)
 Metaspace       used 94528K, committed 95424K, reserved 1179648K
  class space    used 13247K, committed 13696K, reserved 1048576K
}
Event: 24.132 GC heap after
{Heap after GC invocations=40 (full 0):
 garbage-first heap   total 230400K, used 115504K [0x00000000c0000000, 0x0000000100000000)
  region size 1024K, 4 young (4096K), 4 survivors (4096K)
 Metaspace       used 94528K, committed 95424K, reserved 1179648K
  class space    used 13247K, committed 13696K, reserved 1048576K
}
Event: 24.207 GC heap before
{Heap before GC invocations=40 (full 0):
 garbage-first heap   total 230400K, used 122672K [0x00000000c0000000, 0x0000000100000000)
  region size 1024K, 11 young (11264K), 4 survivors (4096K)
 Metaspace       used 94530K, committed 95424K, reserved 1179648K
  class space    used 13247K, committed 13696K, reserved 1048576K
}
Event: 24.213 GC heap after
{Heap after GC invocations=41 (full 0):
 garbage-first heap   total 230400K, used 113656K [0x00000000c0000000, 0x0000000100000000)
  region size 1024K, 2 young (2048K), 2 survivors (2048K)
 Metaspace       used 94530K, committed 95424K, reserved 1179648K
  class space    used 13247K, committed 13696K, reserved 1048576K
}
Event: 25.125 GC heap before
{Heap before GC invocations=41 (full 0):
 garbage-first heap   total 230400K, used 190456K [0x00000000c0000000, 0x0000000100000000)
  region size 1024K, 76 young (77824K), 2 survivors (2048K)
 Metaspace       used 94897K, committed 95744K, reserved 1179648K
  class space    used 13322K, committed 13760K, reserved 1048576K
}
Event: 25.134 GC heap after
{Heap after GC invocations=42 (full 0):
 garbage-first heap   total 230400K, used 117507K [0x00000000c0000000, 0x0000000100000000)
  region size 1024K, 6 young (6144K), 6 survivors (6144K)
 Metaspace       used 94897K, committed 95744K, reserved 1179648K
  class space    used 13322K, committed 13760K, reserved 1048576K
}
Event: 26.112 GC heap before
{Heap before GC invocations=42 (full 0):
 garbage-first heap   total 230400K, used 188163K [0x00000000c0000000, 0x0000000100000000)
  region size 1024K, 76 young (77824K), 6 survivors (6144K)
 Metaspace       used 95066K, committed 95872K, reserved 1179648K
  class space    used 13345K, committed 13760K, reserved 1048576K
}
Event: 26.120 GC heap after
{Heap after GC invocations=43 (full 0):
 garbage-first heap   total 230400K, used 119446K [0x00000000c0000000, 0x0000000100000000)
  region size 1024K, 5 young (5120K), 5 survivors (5120K)
 Metaspace       used 95066K, committed 95872K, reserved 1179648K
  class space    used 13345K, committed 13760K, reserved 1048576K
}
Event: 26.685 GC heap before
{Heap before GC invocations=43 (full 0):
 garbage-first heap   total 230400K, used 190102K [0x00000000c0000000, 0x0000000100000000)
  region size 1024K, 74 young (75776K), 5 survivors (5120K)
 Metaspace       used 95113K, committed 96000K, reserved 1179648K
  class space    used 13347K, committed 13760K, reserved 1048576K
}
Event: 26.692 GC heap after
{Heap after GC invocations=44 (full 0):
 garbage-first heap   total 230400K, used 120639K [0x00000000c0000000, 0x0000000100000000)
  region size 1024K, 6 young (6144K), 6 survivors (6144K)
 Metaspace       used 95113K, committed 96000K, reserved 1179648K
  class space    used 13347K, committed 13760K, reserved 1048576K
}
Event: 27.369 GC heap before
{Heap before GC invocations=44 (full 0):
 garbage-first heap   total 230400K, used 191295K [0x00000000c0000000, 0x0000000100000000)
  region size 1024K, 75 young (76800K), 6 survivors (6144K)
 Metaspace       used 95185K, committed 96064K, reserved 1179648K
  class space    used 13356K, committed 13760K, reserved 1048576K
}
Event: 27.379 GC heap after
{Heap after GC invocations=45 (full 0):
 garbage-first heap   total 230400K, used 123237K [0x00000000c0000000, 0x0000000100000000)
  region size 1024K, 7 young (7168K), 7 survivors (7168K)
 Metaspace       used 95185K, committed 96064K, reserved 1179648K
  class space    used 13356K, committed 13760K, reserved 1048576K
}
Event: 27.940 GC heap before
{Heap before GC invocations=45 (full 0):
 garbage-first heap   total 230400K, used 190821K [0x00000000c0000000, 0x0000000100000000)
  region size 1024K, 73 young (74752K), 7 survivors (7168K)
 Metaspace       used 95398K, committed 96256K, reserved 1179648K
  class space    used 13385K, committed 13824K, reserved 1048576K
}
Event: 27.949 GC heap after
{Heap after GC invocations=46 (full 0):
 garbage-first heap   total 230400K, used 125631K [0x00000000c0000000, 0x0000000100000000)
  region size 1024K, 7 young (7168K), 7 survivors (7168K)
 Metaspace       used 95398K, committed 96256K, reserved 1179648K
  class space    used 13385K, committed 13824K, reserved 1048576K
}
Event: 29.382 GC heap before
{Heap before GC invocations=46 (full 0):
 garbage-first heap   total 230400K, used 191167K [0x00000000c0000000, 0x0000000100000000)
  region size 1024K, 72 young (73728K), 7 survivors (7168K)
 Metaspace       used 97143K, committed 97984K, reserved 1179648K
  class space    used 13600K, committed 14016K, reserved 1048576K
}
Event: 29.392 GC heap after
{Heap after GC invocations=47 (full 0):
 garbage-first heap   total 230400K, used 129094K [0x00000000c0000000, 0x0000000100000000)
  region size 1024K, 8 young (8192K), 8 survivors (8192K)
 Metaspace       used 97143K, committed 97984K, reserved 1179648K
  class space    used 13600K, committed 14016K, reserved 1048576K
}
Event: 29.968 GC heap before
{Heap before GC invocations=47 (full 0):
 garbage-first heap   total 230400K, used 189510K [0x00000000c0000000, 0x0000000100000000)
  region size 1024K, 68 young (69632K), 8 survivors (8192K)
 Metaspace       used 98992K, committed 99904K, reserved 1179648K
  class space    used 13837K, committed 14272K, reserved 1048576K
}
Event: 29.979 GC heap after
{Heap after GC invocations=48 (full 0):
 garbage-first heap   total 230400K, used 131843K [0x00000000c0000000, 0x0000000100000000)
  region size 1024K, 6 young (6144K), 6 survivors (6144K)
 Metaspace       used 98992K, committed 99904K, reserved 1179648K
  class space    used 13837K, committed 14272K, reserved 1048576K
}

